
============================================================
EMAIL SENT TO: sandaruwanrathnayake96@gmail.com
SUBJECT: Order Confirmation - #14
DATE: 2/22/2026, 9:19:17 PM
------------------------------------------------------------
Order Confirmed! 

Thank you for your order. We are processing it right now.

DELIVERY VERIFICATION CODE: 8598
(Show this code to the driver upon delivery)

ORDER SUMMARY:
- Cadbury Dairy Milk Silk (Qty: 1) - Rs. 450.00
- Tropicana Tropical Fruit (1L) (Qty: 1) - Rs. 650.00
------------------------------------------------------------
TOTAL AMOUNT: Rs. 1100.00
============================================================

============================================================
EMAIL SENT TO: sandaruwanrathnayake96@gmail.com
SUBJECT: Order Confirmation - #15
DATE: 2/22/2026, 9:24:05 PM
------------------------------------------------------------
Order Confirmed! 

Thank you for your order. We are processing it right now.

DELIVERY VERIFICATION CODE: 2194
(Show this code to the driver upon delivery)

ORDER SUMMARY:
- Tikiri Marie (80g) (Qty: 1) - Rs. 100.00
- Coca Cola (1.5L) (Qty: 1) - Rs. 350.00
- Cadbury Dairy Milk Silk (Qty: 1) - Rs. 450.00
------------------------------------------------------------
TOTAL AMOUNT: Rs. 900.00
============================================================

============================================================
EMAIL SENT TO: sandaruwanrathnayake96@gmail.com
SUBJECT: Order Confirmation - #16
DATE: 2/22/2026, 10:39:20 PM
------------------------------------------------------------
Order Confirmed! 

Thank you for your order. We are processing it right now.

DELIVERY VERIFICATION CODE: 5509
(Show this code to the driver upon delivery)

ORDER SUMMARY:
- Coca Cola (1.5L) (Qty: 1) - Rs. 350.00
- Cadbury Dairy Milk Silk (Qty: 1) - Rs. 450.00
------------------------------------------------------------
TOTAL AMOUNT: Rs. 800.00
============================================================

============================================================
EMAIL SENT TO: sandaruwanrathnayake96@gmail.com
SUBJECT: Order Confirmation - #17
DATE: 2/22/2026, 10:45:29 PM
------------------------------------------------------------
Order Confirmed! 

Thank you for your order. We are processing it right now.

DELIVERY VERIFICATION CODE: 9995
(Show this code to the driver upon delivery)

ORDER SUMMARY:
- Coca Cola (1.5L) (Qty: 2) - Rs. 350.00
- Cadbury Dairy Milk Silk (Qty: 1) - Rs. 450.00
- Tropicana Tropical Fruit (1L) (Qty: 1) - Rs. 650.00
- Tomatoes (200g) (Qty: 1) - Rs. 119.00
------------------------------------------------------------
TOTAL AMOUNT: Rs. 1919.00
============================================================

============================================================
EMAIL TARGET: sandaruwanrathnayake96@gmail.com
SUBJECT: Order Confirmation - #18
DATE: 2/22/2026, 11:32:52 PM
------------------------------------------------------------

Order Confirmed! 

Thank you for your order. We are processing it right now.

DELIVERY VERIFICATION CODE: 3197
(Show this code to the driver upon delivery)

DELIVERY DETAILS:
Address: sirikatha bakers
Contact: 0771496709

ORDER SUMMARY:
- Tropicana Tropical Fruit (1L) (Qty: 1) - Rs. 650.00
- Cadbury Dairy Milk Silk (Qty: 1) - Rs. 450.00
- Tomatoes (200g) (Qty: 1) - Rs. 119.00

TOTAL AMOUNT: Rs. 1219.00

============================================================

============================================================
EMAIL TARGET: sandaruwanrathnayake96@gmail.com
SUBJECT: Order Confirmation - #19
DATE: 2/22/2026, 11:40:00 PM
------------------------------------------------------------

Order Confirmed! 

Thank you for your order. We are processing it right now.

DELIVERY VERIFICATION CODE: 2529
(Show this code to the driver upon delivery)

DELIVERY DETAILS:
Address: sirikatha bakers
Contact: 0771496709

ORDER SUMMARY:
- Dandex Shampoo (Qty: 2) - Rs. 235.00
- Sandwich Bread (Qty: 1) - Rs. 150.00

TOTAL AMOUNT: Rs. 620.00

============================================================

============================================================
EMAIL TARGET: sandaruwanrathnayake96@gmail.com
SUBJECT: Order Confirmation - #20
DATE: 2/22/2026, 11:56:33 PM
------------------------------------------------------------

Order Confirmed! 

Thank you for your order. We are processing it right now.

DELIVERY VERIFICATION CODE: 9019
(Show this code to the driver upon delivery)

DELIVERY DETAILS:
Address: sirikatha bakers
Contact: 0771496709

ORDER SUMMARY:
- Mayonnaise (Qty: 1) - Rs. 520.00
- Mixture Bites (Qty: 1) - Rs. 230.00

TOTAL AMOUNT: Rs. 750.00

============================================================

============================================================
EMAIL TARGET: sandaruwanrathnayake96@gmail.com
SUBJECT: Order Confirmation - #21
DATE: 2/23/2026, 12:04:53 AM
------------------------------------------------------------

Order Confirmed! 

Thank you for your order. We are processing it right now.

DELIVERY VERIFICATION CODE: 2567
(Show this code to the driver upon delivery)

DELIVERY DETAILS:
Address: sirikatha bakers
Contact: 0771496709

ORDER SUMMARY:
- Cadbury Dairy Milk Silk (Qty: 1) - Rs. 450.00
- Tropicana Tropical Fruit (1L) (Qty: 1) - Rs. 650.00

TOTAL AMOUNT: Rs. 1100.00

============================================================

============================================================
EMAIL TARGET: sandaruwanrathnayake96@gmail.com
SUBJECT: Order Confirmation - #22
DATE: 2/23/2026, 12:10:14 AM
------------------------------------------------------------

Order Confirmed! 

Thank you for your order. We are processing it right now.

DELIVERY VERIFICATION CODE: 9158
(Show this code to the driver upon delivery)

DELIVERY DETAILS:
Address: sirikatha bakers
Contact: 0771496709

ORDER SUMMARY:
- Dandex Shampoo (Qty: 1) - Rs. 235.00
- Sandwich Bread (Qty: 1) - Rs. 150.00

TOTAL AMOUNT: Rs. 385.00

============================================================

============================================================
EMAIL TARGET: joyjeron123@gmail.com
SUBJECT: Order Confirmation - #23
DATE: 2/23/2026, 12:17:18 AM
------------------------------------------------------------

Order Confirmed! 

Thank you for your order. We are processing it right now.

DELIVERY VERIFICATION CODE: 1610
(Show this code to the driver upon delivery)

DELIVERY DETAILS:
Address: No. 51/97 Andival Street, Colombo - 13
Contact: 0767147520

ORDER SUMMARY:
- Mayonnaise (Qty: 1) - Rs. 520.00
- Dandex Shampoo (Qty: 1) - Rs. 235.00
- Noodles (Qty: 1) - Rs. 250.00

TOTAL AMOUNT: Rs. 1005.00

============================================================
